<?xml version="1.0" encoding="UTF-8"?>
<coverage generated="1735556694356" clover="3.2.0">
  <project timestamp="1735556694357" name="All files">
    <metrics statements="9" coveredstatements="2" conditionals="2" coveredconditionals="1" methods="2" coveredmethods="1" elements="13" coveredelements="4" complexity="0" loc="9" ncloc="9" packages="2" files="3" classes="3"/>
    <package name="vitest-learn">
      <metrics statements="7" coveredstatements="0" conditionals="2" coveredconditionals="1" methods="2" coveredmethods="1"/>
      <file name="app.vue" path="C:\Users\mackk\Desktop\project\vitest-learn\app.vue">
        <metrics statements="3" coveredstatements="0" conditionals="1" coveredconditionals="0" methods="1" coveredmethods="0"/>
        <line num="1" count="0" type="cond" truecount="0" falsecount="1"/>
        <line num="3" count="0" type="stmt"/>
        <line num="4" count="0" type="stmt"/>
      </file>
      <file name="nuxt.config.ts" path="C:\Users\mackk\Desktop\project\vitest-learn\nuxt.config.ts">
        <metrics statements="4" coveredstatements="0" conditionals="1" coveredconditionals="1" methods="1" coveredmethods="1"/>
        <line num="2" count="0" type="stmt"/>
        <line num="3" count="0" type="stmt"/>
        <line num="4" count="0" type="stmt"/>
        <line num="5" count="0" type="stmt"/>
      </file>
    </package>
    <package name="vitest-learn.components">
      <metrics statements="2" coveredstatements="2" conditionals="0" coveredconditionals="0" methods="0" coveredmethods="0"/>
      <file name="counter.vue" path="C:\Users\mackk\Desktop\project\vitest-learn\components\counter.vue">
        <metrics statements="2" coveredstatements="2" conditionals="0" coveredconditionals="0" methods="0" coveredmethods="0"/>
        <line num="1" count="1" type="stmt"/>
        <line num="40" count="1" type="stmt"/>
      </file>
    </package>
  </project>
</coverage>
