{"C:\\Users\\mackk\\Desktop\\project\\vitest-learn\\app.vue": {"path":"C:\\Users\\mackk\\Desktop\\project\\vitest-learn\\app.vue","all":true,"statementMap":{"0":{"start":{"line":1,"column":0},"end":{"line":1,"column":10}},"2":{"start":{"line":3,"column":0},"end":{"line":3,"column":26}},"3":{"start":{"line":4,"column":0},"end":{"line":4,"column":19}}},"s":{"0":0,"2":0,"3":0},"branchMap":{"0":{"type":"branch","line":1,"loc":{"start":{"line":1,"column":0},"end":{"line":6,"column":-65}},"locations":[{"start":{"line":1,"column":0},"end":{"line":6,"column":-65}}]}},"b":{"0":[0]},"fnMap":{"0":{"name":"(empty-report)","decl":{"start":{"line":1,"column":0},"end":{"line":6,"column":-65}},"loc":{"start":{"line":1,"column":0},"end":{"line":6,"column":-65}},"line":1}},"f":{"0":0}}
,"C:\\Users\\mackk\\Desktop\\project\\vitest-learn\\nuxt.config.ts": {"path":"C:\\Users\\mackk\\Desktop\\project\\vitest-learn\\nuxt.config.ts","all":true,"statementMap":{"1":{"start":{"line":2,"column":0},"end":{"line":2,"column":33}},"2":{"start":{"line":3,"column":0},"end":{"line":3,"column":34}},"3":{"start":{"line":4,"column":0},"end":{"line":4,"column":29}},"4":{"start":{"line":5,"column":0},"end":{"line":5,"column":2}}},"s":{"1":0,"2":0,"3":0,"4":0},"branchMap":{"0":{"type":"branch","line":1,"loc":{"start":{"line":1,"column":156},"end":{"line":5,"column":2}},"locations":[{"start":{"line":1,"column":156},"end":{"line":5,"column":2}}]}},"b":{"0":[1]},"fnMap":{"0":{"name":"(empty-report)","decl":{"start":{"line":1,"column":156},"end":{"line":5,"column":2}},"loc":{"start":{"line":1,"column":156},"end":{"line":5,"column":2}},"line":1}},"f":{"0":1}}
,"C:\\Users\\mackk\\Desktop\\project\\vitest-learn\\components\\counter.vue": {"path":"C:\\Users\\mackk\\Desktop\\project\\vitest-learn\\components\\counter.vue","all":false,"statementMap":{"0":{"start":{"line":1,"column":0},"end":{"line":1,"column":24}},"39":{"start":{"line":40,"column":0},"end":{"line":40,"column":31}}},"s":{"0":1,"39":1},"branchMap":{},"b":{},"fnMap":{},"f":{}}
}
